[0m17:22:08.032627 [debug] [MainThread]: Sending event: {'category': 'dbt', 'action': 'invocation', 'label': 'start', 'context': [<snowplow_tracker.self_describing_json.SelfDescribingJson object at 0x00000226E33692B0>, <snowplow_tracker.self_describing_json.SelfDescribingJson object at 0x00000226E52F7ED0>, <snowplow_tracker.self_describing_json.SelfDescribingJson object at 0x00000226E52F7B10>]}


============================== 17:22:08.044827 | 9daa9cf3-ee51-4e06-9397-94c679c06f66 ==============================
[0m17:22:08.044827 [info ] [MainThread]: Running with dbt=1.11.2
[0m17:22:08.046154 [debug] [MainThread]: running dbt with arguments {'static_parser': 'True', 'no_print': 'None', 'version_check': 'True', 'warn_error_options': 'WarnErrorOptionsV2(error=[], warn=[], silence=[])', 'target_path': 'None', 'printer_width': '80', 'write_json': 'True', 'empty': 'None', 'log_cache_events': 'False', 'introspect': 'True', 'cache_selected_only': 'False', 'log_format': 'default', 'debug': 'False', 'fail_fast': 'False', 'profiles_dir': 'C:\\Users\\paulo.andrade\\.dbt', 'send_anonymous_usage_stats': 'True', 'quiet': 'False', 'warn_error': 'None', 'partial_parse': 'True', 'invocation_command': 'dbt init', 'indirect_selection': 'eager', 'use_colors': 'True', 'use_experimental_parser': 'False', 'log_path': 'logs'}
[0m17:22:08.057276 [info ] [MainThread]: Creating dbt configuration folder at C:\Users\paulo.andrade\.dbt
[0m17:23:19.947227 [debug] [MainThread]: Starter project path: C:\Users\paulo.andrade\Documents\Pessoais\Estudos\Git_Hub_Estudos\curso_dbt\curso_dbt\dbt_venv\Lib\site-packages\dbt\include\starter_project
[0m17:23:19.976770 [info ] [MainThread]: 
Your new dbt project "oms_dbt_proj" was created!

For more information on how to configure the profiles.yml file,
please consult the dbt documentation here:

  https://docs.getdbt.com/docs/configure-your-profile

One more thing:

Need help? Don't hesitate to reach out to us via GitHub issues or on Slack:

  https://community.getdbt.com/

Happy modeling!

[0m17:23:19.977336 [info ] [MainThread]: Setting up your profile.
[0m17:25:51.485779 [info ] [MainThread]: Profile oms_dbt_proj written to C:\Users\paulo.andrade\.dbt\profiles.yml using target's profile_template.yml and your supplied values. Run 'dbt debug' to validate the connection.
[0m17:25:51.489145 [debug] [MainThread]: Command `dbt init` succeeded at 17:25:51.488668 after 223.70 seconds
[0m17:25:51.489906 [debug] [MainThread]: Sending event: {'category': 'dbt', 'action': 'invocation', 'label': 'end', 'context': [<snowplow_tracker.self_describing_json.SelfDescribingJson object at 0x000002268B680B00>, <snowplow_tracker.self_describing_json.SelfDescribingJson object at 0x00000226E539A9F0>, <snowplow_tracker.self_describing_json.SelfDescribingJson object at 0x000002268B68C5A0>]}
[0m17:25:51.490652 [debug] [MainThread]: Flushing usage events
[0m17:25:52.380940 [debug] [MainThread]: An error was encountered while trying to flush usage events
